<?xml version="1.0" encoding="UTF-8"?>
<coverage generated="1702909090543" clover="3.2.0">
  <project timestamp="1702909090543" name="All files">
    <metrics statements="6" coveredstatements="3" conditionals="0" coveredconditionals="0" methods="4" coveredmethods="1" elements="10" coveredelements="4" complexity="0" loc="6" ncloc="6" packages="1" files="1" classes="1"/>
    <file name="calculator.js" path="C:\Users\Tomás Cárdenas\Desktop\Nueva carpeta\calculator\calculator.js">
      <metrics statements="6" coveredstatements="3" conditionals="0" coveredconditionals="0" methods="4" coveredmethods="1"/>
      <line num="1" count="1" type="stmt"/>
      <line num="2" count="2" type="stmt"/>
      <line num="3" count="0" type="stmt"/>
      <line num="4" count="0" type="stmt"/>
      <line num="5" count="0" type="stmt"/>
      <line num="8" count="1" type="stmt"/>
    </file>
  </project>
</coverage>
