{"C:\\Users\\Tomás Cárdenas\\Desktop\\Nueva carpeta\\calculator\\calculator.js": {"path":"C:\\Users\\Tomás Cárdenas\\Desktop\\Nueva carpeta\\calculator\\calculator.js","statementMap":{"0":{"start":{"line":1,"column":19},"end":{"line":6,"column":1}},"1":{"start":{"line":2,"column":17},"end":{"line":2,"column":22}},"2":{"start":{"line":3,"column":18},"end":{"line":3,"column":23}},"3":{"start":{"line":4,"column":17},"end":{"line":4,"column":22}},"4":{"start":{"line":5,"column":18},"end":{"line":5,"column":23}},"5":{"start":{"line":8,"column":0},"end":{"line":8,"column":28}}},"fnMap":{"0":{"name":"(anonymous_0)","decl":{"start":{"line":2,"column":7},"end":{"line":2,"column":8}},"loc":{"start":{"line":2,"column":17},"end":{"line":2,"column":22}},"line":2},"1":{"name":"(anonymous_1)","decl":{"start":{"line":3,"column":8},"end":{"line":3,"column":9}},"loc":{"start":{"line":3,"column":18},"end":{"line":3,"column":23}},"line":3},"2":{"name":"(anonymous_2)","decl":{"start":{"line":4,"column":7},"end":{"line":4,"column":8}},"loc":{"start":{"line":4,"column":17},"end":{"line":4,"column":22}},"line":4},"3":{"name":"(anonymous_3)","decl":{"start":{"line":5,"column":8},"end":{"line":5,"column":9}},"loc":{"start":{"line":5,"column":18},"end":{"line":5,"column":23}},"line":5}},"branchMap":{},"s":{"0":1,"1":2,"2":0,"3":0,"4":0,"5":1},"f":{"0":2,"1":0,"2":0,"3":0},"b":{},"_coverageSchema":"1a1c01bbd47fc00a2c39e90264f33305004495a9","hash":"e90a3f01e8c41003babc4c6c970c3390f1fe28e1"}
}
